


ARM Macro Assembler    Page 1 


    1 00000000         ;/**
    2 00000000         ;*******************************************************
                       *********************************
    3 00000000         ;*
    4 00000000         ;* @file boot_vectors.s
    5 00000000         ;*
    6 00000000         ;* @brief ARM Exception Vectors table.
    7 00000000         ;*
    8 00000000         ;* Copyright (C) RivieraWaves 2009-2015
    9 00000000         ;*
   10 00000000         ;* $Rev:  $
   11 00000000         ;*
   12 00000000         ;*******************************************************
                       *********************************
   13 00000000         ;*/
   14 00000000         
   15 00000000         
   16 00000000         
   17 00000000                 EXPORT           vectors
   18 00000000         
   19 00000000                 IMPORT           sys_Reset
   20 00000000         
   21 00000000                 IMPORT           Undefined_Exception
   22 00000000                 IMPORT           SoftwareInterrupt_Exception
   23 00000000         
   24 00000000                 IMPORT           Reserved_Exception
   25 00000000                 IMPORT           PrefetchAbort_Exception
   26 00000000                 IMPORT           DataAbort_Exception
   27 00000000                 IMPORT           Irq_Exception
   28 00000000         
   29 00000000                 PRESERVE8
   30 00000000         
   31 00000000                 CODE32
   32 00000000                 AREA             SYS_BOOT, CODE, READONLY
   33 00000000                 ENTRY
   34 00000000         
   35 00000000         vectors
   36 00000000         ; reset handler
   37 00000000 E59FF018        LDR              PC,       boot_reset
   38 00000004         ; undefined handler
   39 00000004 E59FF018        LDR              PC,       boot_undefined
   40 00000008         ; SWI handler
   41 00000008 E59FF018        LDR              PC,    boot_swi
   42 0000000C         ; Prefetch error handler
   43 0000000C E59FF018        LDR              PC,       boot_pabort
   44 00000010         ; abort handler
   45 00000010 E59FF018        LDR              PC,       boot_dabort
   46 00000014         ; reserved vector
   47 00000014 E59FF018        LDR              PC,    boot_reserved
   48 00000018         ; irq
   49 00000018 E59FF018        LDR              PC,       intc_irq
   50 0000001C         ; fiq
   51 0000001C E59FF018        LDR              PC,       intc_fiq
   52 00000020         
   53 00000020         
   54 00000020         
   55 00000020 00000000 
                       boot_reset
                               DCD              sys_Reset



ARM Macro Assembler    Page 2 


   56 00000024 00000000 
                       boot_undefined
                               DCD              Undefined
   57 00000028 00000000 
                       boot_swi
                               DCD              SoftwareInterrupt
   58 0000002C 00000000 
                       boot_pabort
                               DCD              PrefetchAbort
   59 00000030 00000000 
                       boot_dabort
                               DCD              DataAbort
   60 00000034 00000000 
                       boot_reserved
                               DCD              sys_reserved
   61 00000038 00000000 
                       intc_irq
                               DCD              IRQ_Handler
   62 0000003C 00000000 
                       intc_fiq
                               DCD              FIQ_Handler
   63 00000040         
   64 00000040 00400000 
                       I_SEL   EQU              0x00400000
   65 00000040         
   66 00000040 00017A00 
                       PARTITION_APP_CPU_ADDR
                               EQU              0x17A00
   67 00000040 00017A00 
                       SYSirq_reset
                               EQU              PARTITION_APP_CPU_ADDR
   68 00000040 00017A40 
                       SYSirq_undefined
                               EQU              PARTITION_APP_CPU_ADDR+0x40
   69 00000040 00017A60 
                       SYSirq_SWI_Handler
                               EQU              PARTITION_APP_CPU_ADDR+0x60
   70 00000040 00017A80 
                       SYSirq_pabort
                               EQU              PARTITION_APP_CPU_ADDR+0x80
   71 00000040 00017AA0 
                       SYSirq_dabort
                               EQU              PARTITION_APP_CPU_ADDR+0xa0
   72 00000040 00017AC0 
                       SYSirq_reserved
                               EQU              PARTITION_APP_CPU_ADDR+0xc0
   73 00000040 00017AE0 
                       SYSirq_IRQ_Handler
                               EQU              PARTITION_APP_CPU_ADDR+0xe0
   74 00000040 00017B00 
                       SYSirq_FIQ_Handler
                               EQU              PARTITION_APP_CPU_ADDR+0x100
   75 00000040         
   76 00000040         
   77 00000040         
   78 00000040         ;*******************************************************
                       ************************
   79 00000040         ;* Function Name  : UndefinedHandler
   80 00000040         ;* Description    : This function called when undefined 



ARM Macro Assembler    Page 3 


                       instruction exception
   81 00000040         ;*                  is entered.
   82 00000040         ;* Input          : none
   83 00000040         ;* Output         : none
   84 00000040         ;*******************************************************
                       ************************
   85 00000040         Undefined
   86 00000040 EAFFFFFE        B                SYSirq_undefined
   87 00000044         ;;B       Undefined_Exception
   88 00000044         
   89 00000044         ;*******************************************************
                       ************************
   90 00000044         ;* Function Name  : SWIHandler
   91 00000044         ;* Description    : This function called when SWI instru
                       ction executed.
   92 00000044         ;* Input          : none
   93 00000044         ;* Output         : none
   94 00000044         ;*******************************************************
                       ************************
   95 00000044         SoftwareInterrupt
   96 00000044 E92D0003        STMFD            SP!,{R0,R1}
   97 00000048 E3A00501        LDR              R0,=I_SEL
   98 0000004C E5901000        LDR              R1,[R0]
   99 00000050 E3510001        CMP              R1,#0X01
  100 00000054 E8BD0003        LDMFD            SP!,{R0,R1}
  101 00000058 0AFFFFFE        BEQ              SoftwareInterrupt_Exception
  102 0000005C EAFFFFFE        B                SYSirq_SWI_Handler
  103 00000060         
  104 00000060         PrefetchAbort
  105 00000060 E92D0003        STMFD            SP!,{R0,R1}
  106 00000064 E3A00501        LDR              R0,=I_SEL
  107 00000068 E5901000        LDR              R1,[R0]
  108 0000006C E3510001        CMP              R1,#0X01
  109 00000070 E8BD0003        LDMFD            SP!,{R0,R1}
  110 00000074 0AFFFFFE        BEQ              PrefetchAbort_Exception
  111 00000078 EAFFFFFE        B                SYSirq_pabort
  112 0000007C         
  113 0000007C         ;*******************************************************
                       ************************
  114 0000007C         ;* Function Name  : DataAbortHandler
  115 0000007C         ;* Description    : This function is called when Data Ab
                       ort exception is entered.
  116 0000007C         ;* Input          : none
  117 0000007C         ;* Output         : none
  118 0000007C         ;*******************************************************
                       ************************
  119 0000007C         DataAbort
  120 0000007C E92D0003        STMFD            SP!,{R0,R1}
  121 00000080 E3A00501        LDR              R0,=I_SEL
  122 00000084 E5901000        LDR              R1,[R0]
  123 00000088 E3510001        CMP              R1,#0X01
  124 0000008C E8BD0003        LDMFD            SP!,{R0,R1}
  125 00000090 0AFFFFFE        BEQ              DataAbort_Exception
  126 00000094 EAFFFFFE        B                SYSirq_dabort
  127 00000098         
  128 00000098         ;*******************************************************
                       ************************
  129 00000098         ;* Function Name  : IRQHandler
  130 00000098         ;* Description    : This function called when IRQ except



ARM Macro Assembler    Page 4 


                       ion is entered.
  131 00000098         ;* Input          : none
  132 00000098         ;* Output         : none
  133 00000098         ;*******************************************************
                       ************************
  134 00000098         IRQ_Handler
  135 00000098 E92D0003        STMFD            SP!,{R0,R1}
  136 0000009C E3A00501        LDR              R0,=I_SEL
  137 000000A0 E5901000        LDR              R1,[R0]
  138 000000A4 E3510001        CMP              R1,#0X01
  139 000000A8 E8BD0003        LDMFD            SP!,{R0,R1}
  140 000000AC 0AFFFFFE        BEQ              Irq_Exception
  141 000000B0 EAFFFFFE        B                SYSirq_IRQ_Handler
  142 000000B4         
  143 000000B4         ;*******************************************************
                       ************************
  144 000000B4         ;* Function Name  : FIQHandler
  145 000000B4         ;* Description    : This function is called when FIQ exc
                       eption is entered.
  146 000000B4         ;* Input          : none
  147 000000B4         ;* Output         : none
  148 000000B4         ;*******************************************************
                       ************************
  149 000000B4         FIQ_Handler
  150 000000B4 EAFFFFFE        B                SYSirq_FIQ_Handler
  151 000000B8         
  152 000000B8         sys_reserved
  153 000000B8 EAFFFFFE        B                SYSirq_reserved
  154 000000BC         ;;B    Reserved_Exception
  155 000000BC         
  156 000000BC         
  157 000000BC         
  158 000000BC         
  159 000000BC         
  160 000000BC         
  161 000000BC                 END
Command Line: --xref --diag_suppress=9931 --cpu=ARM9E --apcs=interwork --depend
=.\obj\bim_vectors.d -o.\obj\bim_vectors.o -I.\src\plf\refip\src\arch\ll -ID:\S
oftware\Keil_v5\ARM\RV31\INC -ID:\Software\Keil_v5\ARM\CMSIS\Include --predefin
e="__MICROLIB SETA 1" --predefine="__UVISION_VERSION SETA 526" --list=.\lst\bim
_vectors.lst app\bim_vectors.s



ARM Macro Assembler    Page 1 Alphabetic symbol ordering
Relocatable symbols

DataAbort 0000007C

Symbol: DataAbort
   Definitions
      At line 119 in file app\bim_vectors.s
   Uses
      At line 59 in file app\bim_vectors.s
Comment: DataAbort used once
FIQ_Handler 000000B4

Symbol: FIQ_Handler
   Definitions
      At line 149 in file app\bim_vectors.s
   Uses
      At line 62 in file app\bim_vectors.s
Comment: FIQ_Handler used once
IRQ_Handler 00000098

Symbol: IRQ_Handler
   Definitions
      At line 134 in file app\bim_vectors.s
   Uses
      At line 61 in file app\bim_vectors.s
Comment: IRQ_Handler used once
PrefetchAbort 00000060

Symbol: PrefetchAbort
   Definitions
      At line 104 in file app\bim_vectors.s
   Uses
      At line 58 in file app\bim_vectors.s
Comment: PrefetchAbort used once
SYS_BOOT 00000000

Symbol: SYS_BOOT
   Definitions
      At line 32 in file app\bim_vectors.s
   Uses
      None
Comment: SYS_BOOT unused
SoftwareInterrupt 00000044

Symbol: SoftwareInterrupt
   Definitions
      At line 95 in file app\bim_vectors.s
   Uses
      At line 57 in file app\bim_vectors.s
Comment: SoftwareInterrupt used once
Undefined 00000040

Symbol: Undefined
   Definitions
      At line 85 in file app\bim_vectors.s
   Uses
      At line 56 in file app\bim_vectors.s
Comment: Undefined used once
boot_dabort 00000030

Symbol: boot_dabort



ARM Macro Assembler    Page 2 Alphabetic symbol ordering
Relocatable symbols

   Definitions
      At line 59 in file app\bim_vectors.s
   Uses
      At line 45 in file app\bim_vectors.s
Comment: boot_dabort used once
boot_pabort 0000002C

Symbol: boot_pabort
   Definitions
      At line 58 in file app\bim_vectors.s
   Uses
      At line 43 in file app\bim_vectors.s
Comment: boot_pabort used once
boot_reserved 00000034

Symbol: boot_reserved
   Definitions
      At line 60 in file app\bim_vectors.s
   Uses
      At line 47 in file app\bim_vectors.s
Comment: boot_reserved used once
boot_reset 00000020

Symbol: boot_reset
   Definitions
      At line 55 in file app\bim_vectors.s
   Uses
      At line 37 in file app\bim_vectors.s
Comment: boot_reset used once
boot_swi 00000028

Symbol: boot_swi
   Definitions
      At line 57 in file app\bim_vectors.s
   Uses
      At line 41 in file app\bim_vectors.s
Comment: boot_swi used once
boot_undefined 00000024

Symbol: boot_undefined
   Definitions
      At line 56 in file app\bim_vectors.s
   Uses
      At line 39 in file app\bim_vectors.s
Comment: boot_undefined used once
intc_fiq 0000003C

Symbol: intc_fiq
   Definitions
      At line 62 in file app\bim_vectors.s
   Uses
      At line 51 in file app\bim_vectors.s
Comment: intc_fiq used once
intc_irq 00000038

Symbol: intc_irq
   Definitions
      At line 61 in file app\bim_vectors.s
   Uses



ARM Macro Assembler    Page 3 Alphabetic symbol ordering
Relocatable symbols

      At line 49 in file app\bim_vectors.s
Comment: intc_irq used once
sys_reserved 000000B8

Symbol: sys_reserved
   Definitions
      At line 152 in file app\bim_vectors.s
   Uses
      At line 60 in file app\bim_vectors.s
Comment: sys_reserved used once
vectors 00000000

Symbol: vectors
   Definitions
      At line 35 in file app\bim_vectors.s
   Uses
      At line 17 in file app\bim_vectors.s
Comment: vectors used once
17 symbols



ARM Macro Assembler    Page 1 Alphabetic symbol ordering
Absolute symbols

I_SEL 00400000

Symbol: I_SEL
   Definitions
      At line 64 in file app\bim_vectors.s
   Uses
      At line 97 in file app\bim_vectors.s
      At line 106 in file app\bim_vectors.s
      At line 121 in file app\bim_vectors.s
      At line 136 in file app\bim_vectors.s

PARTITION_APP_CPU_ADDR 00017A00

Symbol: PARTITION_APP_CPU_ADDR
   Definitions
      At line 66 in file app\bim_vectors.s
   Uses
      At line 67 in file app\bim_vectors.s
      At line 68 in file app\bim_vectors.s
      At line 69 in file app\bim_vectors.s
      At line 70 in file app\bim_vectors.s
      At line 71 in file app\bim_vectors.s
      At line 72 in file app\bim_vectors.s
      At line 73 in file app\bim_vectors.s
      At line 74 in file app\bim_vectors.s

SYSirq_FIQ_Handler 00017B00

Symbol: SYSirq_FIQ_Handler
   Definitions
      At line 74 in file app\bim_vectors.s
   Uses
      At line 150 in file app\bim_vectors.s
Comment: SYSirq_FIQ_Handler used once
SYSirq_IRQ_Handler 00017AE0

Symbol: SYSirq_IRQ_Handler
   Definitions
      At line 73 in file app\bim_vectors.s
   Uses
      At line 141 in file app\bim_vectors.s
Comment: SYSirq_IRQ_Handler used once
SYSirq_SWI_Handler 00017A60

Symbol: SYSirq_SWI_Handler
   Definitions
      At line 69 in file app\bim_vectors.s
   Uses
      At line 102 in file app\bim_vectors.s
Comment: SYSirq_SWI_Handler used once
SYSirq_dabort 00017AA0

Symbol: SYSirq_dabort
   Definitions
      At line 71 in file app\bim_vectors.s
   Uses
      At line 126 in file app\bim_vectors.s
Comment: SYSirq_dabort used once
SYSirq_pabort 00017A80



ARM Macro Assembler    Page 2 Alphabetic symbol ordering
Absolute symbols


Symbol: SYSirq_pabort
   Definitions
      At line 70 in file app\bim_vectors.s
   Uses
      At line 111 in file app\bim_vectors.s
Comment: SYSirq_pabort used once
SYSirq_reserved 00017AC0

Symbol: SYSirq_reserved
   Definitions
      At line 72 in file app\bim_vectors.s
   Uses
      At line 153 in file app\bim_vectors.s
Comment: SYSirq_reserved used once
SYSirq_reset 00017A00

Symbol: SYSirq_reset
   Definitions
      At line 67 in file app\bim_vectors.s
   Uses
      None
Comment: SYSirq_reset unused
SYSirq_undefined 00017A40

Symbol: SYSirq_undefined
   Definitions
      At line 68 in file app\bim_vectors.s
   Uses
      At line 86 in file app\bim_vectors.s
Comment: SYSirq_undefined used once
10 symbols



ARM Macro Assembler    Page 1 Alphabetic symbol ordering
External symbols

DataAbort_Exception 00000000

Symbol: DataAbort_Exception
   Definitions
      At line 26 in file app\bim_vectors.s
   Uses
      At line 125 in file app\bim_vectors.s
Comment: DataAbort_Exception used once
Irq_Exception 00000000

Symbol: Irq_Exception
   Definitions
      At line 27 in file app\bim_vectors.s
   Uses
      At line 140 in file app\bim_vectors.s
Comment: Irq_Exception used once
PrefetchAbort_Exception 00000000

Symbol: PrefetchAbort_Exception
   Definitions
      At line 25 in file app\bim_vectors.s
   Uses
      At line 110 in file app\bim_vectors.s
Comment: PrefetchAbort_Exception used once
Reserved_Exception 00000000

Symbol: Reserved_Exception
   Definitions
      At line 24 in file app\bim_vectors.s
   Uses
      None
Comment: Reserved_Exception unused
SoftwareInterrupt_Exception 00000000

Symbol: SoftwareInterrupt_Exception
   Definitions
      At line 22 in file app\bim_vectors.s
   Uses
      At line 101 in file app\bim_vectors.s
Comment: SoftwareInterrupt_Exception used once
Undefined_Exception 00000000

Symbol: Undefined_Exception
   Definitions
      At line 21 in file app\bim_vectors.s
   Uses
      None
Comment: Undefined_Exception unused
sys_Reset 00000000

Symbol: sys_Reset
   Definitions
      At line 19 in file app\bim_vectors.s
   Uses
      At line 55 in file app\bim_vectors.s
Comment: sys_Reset used once
7 symbols
366 symbols in table
