18
f0
9f
e5
18
f0
9f
e5
18
f0
9f
e5
18
f0
9f
e5
18
f0
9f
e5
18
f0
9f
e5
18
f0
9f
e5
18
f0
9f
e5
9d
64
30
01
00
00
40
00
00
00
44
00
00
00
60
00
00
00
7c
00
00
00
b8
00
00
00
98
00
00
00
b4
00
00
00
fb
bc
7e
5e
00
ea
03
00
2d
e9
01
05
a0
e3
00
10
90
e5
01
00
51
e3
03
00
bd
e8
d9
00
00
0a
7f
5e
00
ea
45
92
03
00
2d
e9
01
05
a0
e3
00
10
90
e5
01
00
51
e3
03
00
bd
e8
cc
00
00
0a
80
5e
00
ea
03
00
2d
e9
7b
9f
01
05
a0
e3
00
10
90
e5
01
00
51
e3
03
00
bd
e8
b9
00
00
0a
81
5e
00
ea
03
00
2d
e9
01
05
a0
e3
5b
5c
00
10
90
e5
01
00
51
e3
03
00
bd
e8
b6
00
00
0a
8a
5e
00
ea
91
5e
00
ea
80
5e
00
ea
00
00
00
00
49
5c
00
00
00
00
00
00
00
00
00
00
00
00
00
00
00
00
00
00
00
00
00
00
00
00
00
00
00
00
00
00
00
00
80
29
00
00
00
00
00
00
00
00
00
00
00
00
00
00
00
00
00
00
00
00
00
00
00
00
00
00
00
00
00
00
00
00
80
29
42
4b
33
36
33
33
10
00
84
00
40
00
a0
04
00
00
bc
ff
40
00
10
00
00
00
dc
ff
40
00
10
00
00
00
56
13
cc
ff
40
00
10
00
00
00
ec
ff
40
00
10
00
00
00
03
a0
a0
e1
b0
31
9f
e5
f0
7f
23
e9
00
04
23
e9
93
3c
07
00
23
e9
df
00
a0
e3
00
f0
21
e1
44
00
1f
e5
44
10
1f
e5
00
30
81
e0
00
40
a0
e1
03
d0
a0
e1
4b
9e
88
21
9f
e5
03
00
54
e1
04
20
84
34
fc
ff
ff
3a
d7
00
a0
e3
00
f0
21
e1
70
00
1f
e5
70
10
1f
e5
d0
e2
00
30
81
e0
00
40
a0
e1
03
d0
a0
e1
5c
21
9f
e5
03
00
54
e1
04
20
84
34
fc
ff
ff
3a
db
00
a0
e3
a3
8a
00
f0
21
e1
9c
00
1f
e5
9c
10
1f
e5
00
30
81
e0
00
40
a0
e1
03
d0
a0
e1
30
21
9f
e5
03
00
54
e1
df
15
04
20
84
34
fc
ff
ff
3a
d2
00
a0
e3
00
f0
21
e1
c0
00
1f
e5
c0
10
1f
e5
00
30
81
e0
00
40
a0
e1
6d
2b
03
d0
a0
e1
08
21
9f
e5
03
00
54
e1
04
20
84
34
fc
ff
ff
3a
d1
00
a0
e3
00
f0
21
e1
dc
00
1f
e5
ad
0c
dc
10
1f
e5
00
30
81
e0
00
40
a0
e1
03
d0
a0
e1
e0
20
9f
e5
03
00
54
e1
04
20
84
34
fc
ff
ff
3a
8f
07
00
80
a0
e3
00
90
a0
e3
00
a0
a0
e3
00
b0
a0
e3
00
c0
a0
e3
d3
00
a0
e3
00
f0
21
e1
24
01
1f
e5
18
69
24
11
1f
e5
00
30
81
e0
00
40
a0
e1
03
d0
a0
e1
a4
20
9f
e5
03
00
54
e1
04
20
84
34
fc
ff
ff
3a
66
af
0e
00
00
eb
17
00
00
eb
00
00
a0
e3
00
10
a0
e3
00
20
a0
e3
00
30
a0
e3
00
40
a0
e3
00
50
a0
e3
ae
32
00
60
a0
e3
00
70
a0
e3
00
80
a0
e3
00
90
a0
e3
00
a0
a0
e3
00
b0
a0
e3
00
c0
a0
e3
f7
00
00
ea
84
1e
58
00
9f
e5
58
10
9f
e5
58
20
9f
e5
01
30
a0
e1
02
30
83
e0
03
00
51
e1
04
40
90
34
04
40
81
34
00
b9
fb
ff
ff
3a
1e
ff
2f
e1
3c
00
9f
e5
3c
10
9f
e5
00
30
81
e0
00
40
a0
e1
00
20
a0
e3
03
00
54
e1
d5
e3
04
20
84
34
fc
ff
ff
3a
1e
ff
2f
e1
60
00
40
00
aa
aa
aa
aa
cc
cc
cc
cc
dd
dd
dd
dd
bb
bb
bb
bb
88
92
bc
0f
00
00
80
00
40
00
04
00
00
00
84
00
40
00
a0
04
00
00
0b
00
01
00
00
20
20
22
30
b5
01
24
70
9e
09
e0
0d
00
d5
40
9d
42
05
d3
1d
00
95
40
49
1b
25
00
95
40
40
19
15
00
52
1e
00
2d
f1
dc
30
bd
61
49
12
06
12
0e
01
e0
02
70
40
1c
49
1e
fb
d2
70
47
00
22
f5
e7
13
00
0a
00
10
b5
04
00
19
00
ff
f7
50
3c
ef
ff
20
00
10
bd
03
21
00
1d
40
1e
03
78
12
02
1a
43
49
1e
f9
d5
10
00
70
47
00
00
01
c0
8f
e2
e5
74
1c
ff
2f
e1
10
20
00
f0
fd
fd
fe
e7
04
10
9f
e5
04
00
8f
e2
ca
00
00
ea
ac
0f
00
00
25
73
20
3d
fe
39
3d
3d
3d
3d
3d
3d
3d
0a
00
00
00
00
01
c0
8f
e2
1c
ff
2f
e1
10
20
00
f0
e5
fd
fe
e7
10
20
00
f0
a8
29
e1
fd
fe
e7
01
c0
8f
e2
1c
ff
2f
e1
10
20
00
f0
d9
fd
fe
e7
10
20
00
f0
d5
fd
fe
e7
00
00
0f
e1
21
66
40
10
80
e3
01
f0
21
e1
40
00
00
e2
1e
ff
2f
e1
00
00
0f
e1
80
10
80
e3
01
f0
21
e1
80
00
00
e2
cd
8e
1e
ff
2f
e1
00
00
0f
e1
40
00
c0
e3
00
f0
21
e1
1e
ff
2f
e1
00
00
0f
e1
80
00
c0
e3
00
f0
21
e1
a3
3a
1e
ff
2f
e1
10
b5
00
f0
cb
f8
00
28
33
d1
1b
48
ff
f7
99
ff
1a
4a
90
42
03
d0
18
49
8b
8a
93
42
74
0d
01
d1
01
20
10
bd
00
28
05
d0
08
00
89
8b
00
29
05
d0
05
20
10
bd
13
a0
00
f0
38
f9
f1
e7
00
1d
40
ea
ff
f7
81
ff
01
21
09
03
88
42
14
d3
0b
48
0c
30
ff
f7
79
ff
00
f0
a8
f9
04
00
08
48
10
30
ff
f7
09
2f
72
ff
a0
42
07
d1
05
48
18
30
ff
f7
6c
ff
00
28
01
d0
00
20
10
bd
02
20
10
bd
00
00
04
01
40
00
1a
01
ff
ff
00
00
41
6c
72
65
61
64
79
20
75
70
64
61
74
65
0d
0a
00
00
00
00
08
b5
00
20
00
90
03
49
49
3c
04
22
68
46
00
f0
1a
fb
08
bd
00
00
04
f0
07
00
10
b5
06
48
ff
f7
47
ff
04
00
04
48
00
1f
ff
f7
fc
32
42
ff
21
00
00
f0
d0
f9
10
bd
00
00
0c
01
40
00
f7
b5
00
20
8c
b0
04
90
05
90
06
90
07
90
01
20
62
90
00
03
01
2a
04
d0
02
2a
07
d0
01
20
0f
b0
f0
bd
0c
9a
16
18
15
00
0c
00
03
e0
0c
9a
16
1a
55
18
ff
a0
44
1a
30
00
00
f0
18
fa
27
00
01
96
02
95
19
e0
10
2f
01
d9
10
20
00
e0
38
00
02
00
00
90
02
99
5c
52
04
a8
00
f0
2b
fa
00
9a
01
99
04
a8
00
f0
d6
fa
02
99
00
98
08
18
02
90
01
99
00
98
08
18
01
90
00
0c
00
98
3f
1a
00
2f
e3
d1
0c
98
00
f0
f5
f9
01
96
13
e0
10
2c
01
d9
10
27
00
e0
27
00
01
99
3a
00
81
f8
04
a8
00
f0
0b
fa
3a
00
29
00
04
a8
00
f0
b6
fa
01
98
ed
19
c0
19
e4
1b
01
90
00
2c
e9
d1
30
00
3b
23
00
f0
da
f9
00
20
b1
e7
00
b5
00
f0
bb
fb
03
49
08
60
00
f0
53
fa
00
f0
63
fa
00
bd
80
00
40
00
a5
c0
08
b5
7f
21
04
22
09
03
68
46
00
f0
e7
f9
06
49
00
98
88
42
06
d1
05
49
05
48
20
22
00
f0
de
f9
77
95
00
20
08
bd
01
20
08
bd
01
ef
cd
ab
04
f0
07
00
04
01
40
00
30
b5
04
09
00
07
00
23
00
0f
00
29
73
99
04
d0
01
29
05
d0
02
29
03
d1
01
e0
0c
23
00
e0
08
23
20
21
10
25
00
2a
04
d0
01
2a
05
d0
02
2a
3b
85
07
d1
05
e0
30
21
0b
43
03
e0
0b
43
ab
43
00
e0
8b
43
e1
00
08
18
02
49
80
00
40
18
03
60
30
bd
35
35
00
0a
80
00
02
09
00
07
00
0f
d2
00
10
18
82
00
05
48
12
18
10
68
02
23
00
29
01
d0
18
43
00
e0
98
bb
98
43
10
60
70
47
00
00
00
0a
80
00
10
b5
04
00
01
21
ff
f7
e7
ff
00
21
20
00
ff
f7
e3
ff
10
bd
d9
e3
01
c0
8f
e2
1c
ff
2f
e1
10
b5
00
f0
71
fc
01
22
94
05
11
00
20
00
00
f0
63
fc
09
48
00
f0
00
fc
fa
26
ff
f7
82
ff
00
f0
48
f8
01
28
02
d1
1f
20
00
02
80
47
01
22
00
21
20
00
00
f0
52
fc
10
bd
00
00
eb
c3
40
42
0f
00
01
c0
8f
e2
1c
ff
2f
e1
0f
b4
10
b5
03
ac
18
e0
25
28
24
d1
08
78
00
28
01
d0
49
1c
ef
e0
02
91
63
28
1b
d0
04
dc
00
28
16
d0
58
28
04
d1
1e
e0
73
28
18
d0
78
28
1a
d0
25
20
00
f0
28
fc
6b
e9
02
98
40
1e
02
90
02
99
08
78
49
1c
02
91
00
28
e0
d1
10
bc
08
bc
04
b0
18
47
25
20
01
e0
20
78
d9
7f
24
1d
00
f0
15
fc
ee
e7
01
cc
00
f0
7b
fb
ea
e7
01
cc
00
f0
57
fb
e6
e7
10
b5
ff
f7
73
fe
00
28
a4
0a
07
d1
00
f0
d5
f9
ff
f7
c3
fe
00
f0
07
f8
ff
f7
b3
fe
00
f0
95
f9
01
20
10
bd
00
00
70
b5
13
48
75
a6
88
b0
ff
f7
00
fe
04
00
10
48
0c
30
ff
f7
fb
fd
06
19
0e
48
08
38
ff
f7
f6
fd
05
00
0c
a0
ff
f7
2e
6b
a5
ff
0b
e0
20
22
21
00
68
46
00
f0
07
f9
20
22
29
00
68
46
00
f0
b2
f9
20
34
20
35
b4
42
f1
d3
8c
cf
06
a0
ff
f7
93
ff
08
b0
70
bd
00
00
10
01
40
00
43
6f
70
79
20
53
74
61
72
74
0a
00
75
70
64
61
6f
50
74
65
20
65
6e
64
0a
00
f0
b5
05
00
00
20
c0
43
85
b0
00
90
12
48
ff
f7
c6
fd
04
00
00
f0
e8
fa
ea
c0
00
27
17
e0
10
2c
01
d9
10
20
00
e0
20
00
06
04
36
0c
10
22
29
00
01
a8
00
f0
d0
f8
00
98
32
00
cd
ea
01
a9
00
f0
c5
fa
a4
1b
ad
19
01
97
02
97
03
97
04
97
00
90
00
2c
e5
d1
00
98
05
b0
f0
bd
00
00
fe
e1
1c
01
40
00
12
4a
d0
69
11
68
00
29
fc
db
c0
21
01
40
10
23
19
43
03
07
1b
0f
0b
43
01
21
49
02
4a
b7
01
40
0b
43
0b
49
01
40
0b
43
01
21
89
06
08
40
03
43
d3
61
08
48
09
49
00
68
88
42
01
d1
08
48
9e
0d
00
e0
08
48
10
60
10
68
00
28
fc
db
70
47
00
00
00
20
80
00
00
fc
ff
03
80
00
40
00
13
31
1c
00
ac
8f
00
d0
07
36
00
d0
07
37
f8
b5
04
05
24
0d
62
18
16
05
36
0d
0a
19
05
0b
92
1b
2d
03
13
0b
00
2c
2a
a7
01
d0
01
27
00
e0
00
27
df
1b
00
2f
28
dd
00
92
0a
00
01
00
13
a0
ff
f7
09
ff
33
00
22
00
29
00
7d
32
16
a0
00
97
ff
f7
02
ff
00
2c
07
d0
01
22
21
00
28
00
ff
f7
0d
fe
01
20
00
03
2d
18
00
24
06
e0
84
c3
28
00
00
f0
39
f8
01
20
00
03
2d
18
64
1c
bc
42
f6
d3
00
2e
04
d0
02
22
31
00
28
00
ff
f7
f8
fd
84
03
00
20
f8
bd
20
30
78
25
78
20
30
78
25
78
20
30
78
25
78
20
30
78
25
78
20
0d
0a
00
20
30
78
25
db
95
78
20
30
78
25
78
20
30
78
25
78
20
30
78
25
78
0d
0a
00
00
01
21
49
03
88
42
0a
d3
05
49
0a
68
80
a7
00
2a
fc
db
2f
22
12
06
10
43
08
60
08
68
00
28
fc
db
70
47
00
20
80
00
70
b5
04
00
1f
20
00
02
88
a6
84
42
18
d3
ff
f7
3a
ed
06
00
ff
f7
42
ed
0a
49
05
00
08
68
00
28
fc
db
2d
20
00
06
04
43
0c
60
91
42
08
68
00
28
fc
db
00
2e
01
d1
ff
f7
3c
ed
00
2d
01
d1
ff
f7
40
ed
70
bd
00
20
80
00
f7
b5
15
00
04
2d
0e
00
ff
f7
1c
ed
07
00
ff
f7
22
ed
04
00
00
98
2a
00
31
00
00
f0
0a
f8
00
2f
01
d1
ff
f7
22
ed
ec
17
00
2c
01
d1
ff
f7
26
ed
00
20
fe
bd
f0
b5
4c
09
64
01
88
b0
00
2a
ec
46
29
d0
16
4b
1d
68
00
2d
51
83
fb
db
22
e0
13
4e
33
68
75
04
2b
40
25
25
23
43
2d
06
2b
43
33
60
33
68
00
2b
fc
db
00
23
20
34
8b
8b
65
46
0c
4e
b6
68
9f
00
5b
1c
08
2b
ee
51
f8
d3
cb
06
db
0e
07
e0
65
46
ed
5c
49
1c
05
70
40
1c
56
f7
52
1e
04
d0
5b
1c
20
2b
f5
d3
00
2a
da
d1
08
b0
f0
bd
00
00
00
20
80
00
06
48
01
68
00
29
fc
db
62
98
05
49
01
60
01
68
00
29
fc
db
40
69
00
06
00
0e
70
47
00
00
00
20
80
00
00
d0
07
23
00
b5
ff
f7
74
f2
e1
fe
06
48
c1
69
70
22
91
43
c1
61
c1
69
10
22
11
43
c1
61
01
68
00
29
fc
db
00
bd
00
20
80
00
80
6a
15
48
00
b5
00
68
15
49
42
1a
88
42
1e
d0
0b
dc
13
49
40
18
18
d0
13
49
40
18
1a
d0
12
49
40
18
07
f8
10
d0
01
28
09
d1
0d
e0
09
20
80
02
10
1a
04
d0
0e
49
40
18
0a
d0
01
28
08
d0
9c
21
01
20
00
f0
7f
d4
fb
f8
00
bd
bc
21
02
e0
bc
21
f7
e7
94
21
02
20
f5
e7
10
21
fb
e7
00
00
80
00
40
00
13
40
c8
00
14
26
ed
ce
e3
ff
00
d1
96
ff
00
3d
c3
ff
00
24
e8
ff
00
b5
00
21
01
20
00
f0
df
f8
00
bd
f7
b5
15
00
0b
bb
0e
00
ff
f7
6c
ec
07
00
ff
f7
72
ec
04
00
00
98
2a
00
31
00
00
f0
0a
f8
00
2f
01
d1
ff
f7
72
ec
86
05
00
2c
01
d1
ff
f7
76
ec
00
20
fe
bd
f0
b5
07
00
4e
09
8b
b0
14
00
0d
00
76
01
03
a8
00
2a
00
90
14
5e
47
d0
e8
06
05
d0
00
98
20
22
31
00
ff
f7
3e
ff
04
e0
00
98
ff
22
20
21
ff
f7
f2
fb
1e
48
01
68
0d
e0
00
29
fb
db
33
e0
20
2c
04
d2
00
98
20
22
31
00
ff
f7
2c
ff
e8
06
c0
0e
08
e0
3a
78
00
99
64
1e
91
b4
6d
1c
7f
1c
00
2c
0a
54
02
d0
40
1c
20
28
f4
d3
11
4b
00
21
8a
00
03
a8
82
58
18
00
5a
60
49
1c
cb
32
08
29
f7
d3
01
68
00
29
fc
db
01
68
01
22
92
07
11
40
0b
22
31
43
92
06
11
43
01
60
01
68
00
29
a6
99
fc
db
00
98
ff
22
20
21
20
36
ff
f7
b9
fb
00
2c
c9
d1
0b
b0
f0
bd
00
00
00
20
80
00
f0
b5
07
00
4a
eb
08
0a
00
02
c3
b0
01
90
15
00
0e
00
02
a8
00
2a
00
90
5d
d0
30
06
06
d0
ff
22
01
99
00
98
01
32
3e
c1
ff
f7
e4
fe
04
e0
ff
22
00
98
51
1c
ff
f7
98
fb
28
4c
20
68
00
28
fc
db
60
69
01
21
89
07
08
43
2d
f6
60
61
3e
e0
ff
2d
05
d8
ff
22
01
99
00
98
01
32
ff
f7
cc
fe
30
06
00
0e
08
e0
3a
78
00
99
6d
1e
4d
4c
76
1c
7f
1c
00
2d
0a
54
02
d0
40
1c
ff
28
f4
d9
60
6a
01
21
c9
07
08
43
60
62
00
20
02
aa
61
6a
44
b3
13
5c
09
0a
09
02
19
43
61
62
40
1c
ff
28
f6
d9
20
68
00
28
fc
db
20
68
01
21
89
07
08
40
01
99
39
ec
08
43
0b
21
89
06
08
43
20
60
20
68
00
28
fc
db
01
98
ff
22
ff
30
01
30
01
90
00
98
51
1c
ff
f7
0a
83
4f
fb
00
2d
be
d1
61
69
01
20
80
07
81
43
61
61
43
b0
f0
bd
00
20
80
00
10
b5
16
4b
04
00
d8
69
a1
ba
0f
22
12
03
90
43
d8
61
00
2c
22
d0
02
2c
20
d8
d8
69
89
02
9a
13
11
43
08
43
d8
61
18
68
00
28
11
fe
fc
db
00
f0
1f
f8
0c
49
09
68
88
42
11
d1
01
2c
02
d0
02
2c
02
d0
03
e0
08
49
00
e0
08
49
19
60
71
b3
18
68
00
28
fc
db
7d
20
00
03
18
60
18
68
00
28
fc
db
10
bd
00
20
80
00
80
00
40
00
00
d0
07
64
92
bd
00
d0
07
67
08
48
01
68
00
29
fc
db
07
49
01
60
01
68
00
29
fc
db
00
21
4a
1e
42
60
49
1c
08
29
ae
f2
fb
d3
00
69
70
47
00
00
00
20
80
00
00
d0
07
34
01
20
c0
05
81
68
ff
22
81
32
91
43
80
31
81
60
00
ff
81
68
c9
09
c9
01
49
1c
81
60
08
49
ca
69
02
23
1a
43
ca
61
42
6b
40
23
9a
43
42
63
c2
6a
10
23
c4
0e
1a
43
c2
62
82
20
c8
61
70
47
00
00
40
00
80
00
10
b5
06
4b
07
e0
0c
78
44
40
24
06
a4
0d
1c
59
1d
59
00
0a
60
40
49
1c
52
1e
f5
d2
10
bd
24
01
40
00
30
b5
0a
4b
0a
4c
00
21
08
00
00
22
c5
07
02
d0
b0
87
40
08
58
40
00
e0
40
08
52
1c
08
2a
f6
db
8a
00
49
1c
ff
29
a0
50
ef
dd
00
20
30
bd
20
83
b8
ed
2a
60
24
01
40
00
30
b5
99
b0
00
24
6d
46
0b
e0
01
07
09
0f
09
29
01
d9
57
31
00
e0
30
31
29
55
64
1c
a9
03
00
09
24
06
24
0e
00
28
f1
d1
07
e0
28
19
20
38
c0
7f
00
f0
9d
f8
64
1e
24
06
24
0e
00
2c
f5
d1
7a
05
19
b0
30
bd
10
b5
04
00
02
e0
00
f0
91
f8
64
1c
20
78
00
28
f9
d1
10
bd
10
b5
05
4c
05
a0
a1
6b
90
90
ff
f7
44
fc
e1
6b
06
a0
ff
f7
40
fc
10
bd
00
00
20
00
40
00
0d
0a
72
31
33
3a
20
25
78
0a
00
00
70
69
0d
0a
52
31
34
28
4c
52
29
3a
20
25
78
0a
00
00
09
4b
d9
69
ff
22
f1
32
0a
40
02
43
98
13
08
40
cd
c5
02
43
06
48
08
40
02
43
58
03
01
40
0a
43
da
61
18
68
00
28
fc
db
70
47
00
20
80
00
00
fc
ff
03
67
79
01
22
10
b5
d2
05
d1
68
49
08
49
00
d1
60
01
00
0c
48
ff
f7
2f
fa
0c
4a
70
21
11
60
51
60
40
1e
9c
7e
01
02
0a
48
3b
31
01
60
09
49
41
60
42
21
01
61
00
21
81
61
c1
61
07
48
01
68
10
22
11
43
01
60
6a
07
10
bd
00
00
00
24
f4
00
00
0a
80
00
00
63
80
00
10
40
00
00
40
00
80
00
01
22
10
b5
d2
05
d1
68
57
ab
02
23
99
43
d1
60
01
00
0c
48
ff
f7
03
fa
0c
4a
70
21
91
63
d1
63
40
1e
01
02
0a
48
3b
31
01
60
fa
30
09
49
41
60
42
21
01
61
00
21
81
61
c1
61
07
48
01
68
20
22
11
43
01
60
10
bd
00
00
00
24
f4
00
8b
18
00
0a
80
00
00
6a
80
00
10
40
00
00
40
00
80
00
02
49
8a
68
d2
02
fc
d5
c8
60
70
47
00
63
80
00
7b
73
12
01
12
18
00
e0
02
c0
90
42
fc
d3
70
47
00
00
03
48
00
21
81
60
5a
21
41
60
a5
21
41
60
70
47
2d
d1
00
0c
80
00
04
49
00
22
4a
60
88
60
5a
20
48
60
a5
20
48
60
70
47
00
00
00
0c
80
00
02
48
5a
21
e5
06
41
60
a5
21
41
60
70
47
00
0c
80
00
49
72
71
5f
45
78
63
65
70
74
69
6f
6e
00
00
00
00
00
00
00
33
56
